Performing C SOURCE FILE Test CMAKE_HAVE_LIBC_PTHREAD failed with the following output:
Change Dir: /home/adminstd/gitpr/build/CMakeFiles/CMakeTmp

Run Build Command(s):/usr/bin/make cmTC_2c090/fast && /usr/bin/make  -f CMakeFiles/cmTC_2c090.dir/build.make CMakeFiles/cmTC_2c090.dir/build
make[1]: вход в каталог «/home/adminstd/gitpr/build/CMakeFiles/CMakeTmp»
Building C object CMakeFiles/cmTC_2c090.dir/src.c.o
/usr/bin/cc   -DCMAKE_HAVE_LIBC_PTHREAD -o CMakeFiles/cmTC_2c090.dir/src.c.o -c /home/adminstd/gitpr/build/CMakeFiles/CMakeTmp/src.c
Linking C executable cmTC_2c090
/usr/bin/cmake -E cmake_link_script CMakeFiles/cmTC_2c090.dir/link.txt --verbose=1
/usr/bin/cc  -DCMAKE_HAVE_LIBC_PTHREAD CMakeFiles/cmTC_2c090.dir/src.c.o -o cmTC_2c090 
/usr/bin/ld: CMakeFiles/cmTC_2c090.dir/src.c.o: in function `main':
src.c:(.text+0x2d): undefined reference to `pthread_create'
/usr/bin/ld: src.c:(.text+0x39): undefined reference to `pthread_detach'
/usr/bin/ld: src.c:(.text+0x45): undefined reference to `pthread_cancel'
/usr/bin/ld: src.c:(.text+0x56): undefined reference to `pthread_join'
collect2: error: ld returned 1 exit status
make[1]: *** [CMakeFiles/cmTC_2c090.dir/build.make:106: cmTC_2c090] Ошибка 1
make[1]: выход из каталога «/home/adminstd/gitpr/build/CMakeFiles/CMakeTmp»
make: *** [Makefile:140: cmTC_2c090/fast] Ошибка 2


Source file was:
#include <pthread.h>

void* test_func(void* data)
{
  return data;
}

int main(void)
{
  pthread_t thread;
  pthread_create(&thread, NULL, test_func, NULL);
  pthread_detach(thread);
  pthread_cancel(thread);
  pthread_join(thread, NULL);
  pthread_atfork(NULL, NULL, NULL);
  pthread_exit(NULL);

  return 0;
}

Determining if the function pthread_create exists in the pthreads failed with the following output:
Change Dir: /home/adminstd/gitpr/build/CMakeFiles/CMakeTmp

Run Build Command(s):/usr/bin/make cmTC_f10ed/fast && /usr/bin/make  -f CMakeFiles/cmTC_f10ed.dir/build.make CMakeFiles/cmTC_f10ed.dir/build
make[1]: вход в каталог «/home/adminstd/gitpr/build/CMakeFiles/CMakeTmp»
Building C object CMakeFiles/cmTC_f10ed.dir/CheckFunctionExists.c.o
/usr/bin/cc   -DCHECK_FUNCTION_EXISTS=pthread_create -o CMakeFiles/cmTC_f10ed.dir/CheckFunctionExists.c.o -c /usr/share/cmake-3.18/Modules/CheckFunctionExists.c
Linking C executable cmTC_f10ed
/usr/bin/cmake -E cmake_link_script CMakeFiles/cmTC_f10ed.dir/link.txt --verbose=1
/usr/bin/cc  -DCHECK_FUNCTION_EXISTS=pthread_create CMakeFiles/cmTC_f10ed.dir/CheckFunctionExists.c.o -o cmTC_f10ed  -lpthreads 
/usr/bin/ld: cannot find -lpthreads
collect2: error: ld returned 1 exit status
make[1]: *** [CMakeFiles/cmTC_f10ed.dir/build.make:106: cmTC_f10ed] Ошибка 1
make[1]: выход из каталога «/home/adminstd/gitpr/build/CMakeFiles/CMakeTmp»
make: *** [Makefile:140: cmTC_f10ed/fast] Ошибка 2



